[LOG] System::create                           : Header version = 1.10.07. Current version = 1.10.07.
[LOG] Manager::init                            : maxchannels = 256 studioflags = 00000006 flags 00000000 extradriverdata 0000000000000000.
[LOG] SystemI::init                            : Initialize version=11007 (95892), maxchannels=256, flags=0x00020000
[LOG] SystemI::setOutputInternal               : Setting output to 'FMOD WASAPI Output'
[LOG] OutputWASAPI::init                       : Mix Format (WAVEFORMATEX): wFormatTag=0xFFFE, nChannels=2, nSamplesPerSec=48000, nAvgBytesPerSec=384000, nBlockAlign=8, wBitsPerSample=32, cbSize=22.
[LOG] OutputWASAPI::init                       : Mix Format (WAVEFORMATEXTENSIBLE): wValidBitsPerSample=32, dwChannelMask=0x00000003, SubFormat=00000003-0000-0010-8000-00AA00389B71.
[LOG] OutputWASAPI::init                       : Output buffer size: 4096 samples, latency: 0.00ms, period: 10.00ms, DSP buffer: 1024 * 4
[LOG] Thread::initThread                       : Init FMOD stream thread. Priority: 2, Stack Size: 65536, Semaphore: No, Sleep Time: 10, Looping: Yes.
[LOG] Thread::initThread                       : Init FMOD mixer thread. Priority: 3, Stack Size: 49152, Semaphore: No, Sleep Time: 0, Looping: Yes.
[LOG] AsyncManager::init                       : manager 0000021BB47CD808 isAsync 0 updatePeriod 0.02
[LOG] AsyncManager::init                       : done
[LOG] PlaybackSystem::init                     : 
[LOG] Thread::initThread                       : Init FMOD Studio sample load thread. Priority: 0, Stack Size: 65536, Semaphore: No, Sleep Time: 1, Looping: No.
[LOG] PlaybackSystem::init                     : done
[LOG] Thread::initThread                       : Init FMOD Studio bank load thread. Priority: 0, Stack Size: 65536, Semaphore: No, Sleep Time: 1, Looping: No.
[LOG] Manager::init                            : done.
[LOG] Manager::readBank                        : fileversion = 100, compatVersion = 99 (oldest = 44, newest = 100)
[LOG] PlaybackSystem::acquireMasterBus         : Setting master channel group format to 6
[LOG] Manager::readBank                        : fileversion = 100, compatVersion = 99 (oldest = 44, newest = 100)
[LOG] PlaybackSystem::acquireMasterBus         : Setting master channel group format to 6
[LOG] Manager::readBank                        : fileversion = 100, compatVersion = 99 (oldest = 44, newest = 100)
[LOG] PlaybackSystem::acquireMasterBus         : Setting master channel group format to 6
[LOG] Manager::readBank                        : fileversion = 100, compatVersion = 99 (oldest = 44, newest = 100)
[LOG] PlaybackSystem::acquireMasterBus         : Setting master channel group format to 6
[LOG] SystemI::createSoundInternal             : Create name='', mode=0x02000202
[LOG] SystemI::createSoundInternal             : exinfo->cbsize             = 232
[LOG] SystemI::createSoundInternal             : exinfo->length             = 4865504
[LOG] SystemI::createSoundInternal             : exinfo->fileoffset         = 73472
[LOG] SystemI::createSoundInternal             : exinfo->numsubsounds       = 1
[LOG] SystemI::createSoundInternal             : exinfo->inclusionlist      = 0000003310BFEF8C
[LOG] SystemI::createSoundInternal             : exinfo->inclusionlistnum   = 1
[LOG] SystemI::createSoundInternal             : exinfo->suggestedsoundtype = 5
[LOG] SystemI::createSoundInternal             : exinfo->useropen           = 00007FF87A0CD9C0
[LOG] SystemI::createSoundInternal             : exinfo->userclose          = 00007FF87A0CD990
[LOG] SystemI::createSoundInternal             : exinfo->userread           = 00007FF87A0CDA90
[LOG] SystemI::createSoundInternal             : exinfo->userseek           = 00007FF87A0CDB50
[LOG] SystemI::createSoundInternal             : exinfo->fileuserdata       = 0000021BB60A0F58
[LOG] SystemI::createSoundInternal             : exinfo->initialseekpostype = 1
[LOG] SystemI::DSPCodecPoolRegister            : register codec pool for pool type 5
[LOG] SystemI::createSoundInternal             : Sample 0/1: name='Armor Hit Sweetener02', format=2, channels=1, frequency=48000, lengthbytes=5440, lengthpcm=32600, pcmblocksize=0, loopstart=0, loopend=0, mode=0x00000000, channelmask=0x00000000, channelorder=0, peakvolume=0.336639.
[LOG] SystemI::createSoundInternal             : Create name='', mode=0x02000202
[LOG] SystemI::createSoundInternal             : exinfo->cbsize             = 232
[LOG] SystemI::createSoundInternal             : exinfo->length             = 4865504
[LOG] SystemI::createSoundInternal             : exinfo->fileoffset         = 73472
[LOG] SystemI::createSoundInternal             : exinfo->numsubsounds       = 1
[LOG] SystemI::createSoundInternal             : exinfo->inclusionlist      = 0000003310BFEF8C
[LOG] SystemI::createSoundInternal             : exinfo->inclusionlistnum   = 1
[LOG] SystemI::createSoundInternal             : exinfo->suggestedsoundtype = 5
[LOG] SystemI::createSoundInternal             : exinfo->useropen           = 00007FF87A0CD9C0
[LOG] SystemI::createSoundInternal             : exinfo->userclose          = 00007FF87A0CD990
[LOG] SystemI::createSoundInternal             : exinfo->userread           = 00007FF87A0CDA90
[LOG] SystemI::createSoundInternal             : exinfo->userseek           = 00007FF87A0CDB50
[LOG] SystemI::createSoundInternal             : exinfo->fileuserdata       = 0000021BB60A0F58
[LOG] SystemI::createSoundInternal             : exinfo->initialseekpostype = 1
[LOG] SystemI::DSPCodecPoolRegister            : register codec pool for pool type 5
[LOG] SystemI::createSoundInternal             : Sample 0/1: name='Baton Hit Sweetener02', format=2, channels=1, frequency=48000, lengthbytes=4288, lengthpcm=26762, pcmblocksize=0, loopstart=0, loopend=0, mode=0x00000000, channelmask=0x00000000, channelorder=0, peakvolume=0.959351.
[LOG] SystemI::createSoundInternal             : Create name='', mode=0x02000202
[LOG] SystemI::createSoundInternal             : exinfo->cbsize             = 232
[LOG] SystemI::createSoundInternal             : exinfo->length             = 4865504
[LOG] SystemI::createSoundInternal             : exinfo->fileoffset         = 73472
[LOG] SystemI::createSoundInternal             : exinfo->numsubsounds       = 1
[LOG] SystemI::createSoundInternal             : exinfo->inclusionlist      = 0000003310BFEF8C
[LOG] SystemI::createSoundInternal             : exinfo->inclusionlistnum   = 1
[LOG] SystemI::createSoundInternal             : exinfo->suggestedsoundtype = 5
[LOG] SystemI::createSoundInternal             : exinfo->useropen           = 00007FF87A0CD9C0
[LOG] SystemI::createSoundInternal             : exinfo->userclose          = 00007FF87A0CD990
[LOG] SystemI::createSoundInternal             : exinfo->userread           = 00007FF87A0CDA90
[LOG] SystemI::createSoundInternal             : exinfo->userseek           = 00007FF87A0CDB50
[LOG] SystemI::createSoundInternal             : exinfo->fileuserdata       = 0000021BB60A0F58
[LOG] SystemI::createSoundInternal             : exinfo->initialseekpostype = 1
[LOG] SystemI::DSPCodecPoolRegister            : register codec pool for pool type 5
[LOG] SystemI::createSoundInternal             : Sample 0/1: name='Baton Hit04', format=2, channels=1, frequency=48000, lengthbytes=2144, lengthpcm=12000, pcmblocksize=0, loopstart=0, loopend=0, mode=0x00000000, channelmask=0x00000000, channelorder=0, peakvolume=0.282745.
[LOG] SystemI::createSoundInternal             : Create name='', mode=0x02000202
[LOG] SystemI::createSoundInternal             : exinfo->cbsize             = 232
[LOG] SystemI::createSoundInternal             : exinfo->length             = 4865504
[LOG] SystemI::createSoundInternal             : exinfo->fileoffset         = 73472
[LOG] SystemI::createSoundInternal             : exinfo->numsubsounds       = 1
[LOG] SystemI::createSoundInternal             : exinfo->inclusionlist      = 0000003310BFEF8C
[LOG] SystemI::createSoundInternal             : exinfo->inclusionlistnum   = 1
[LOG] SystemI::createSoundInternal             : exinfo->suggestedsoundtype = 5
[LOG] SystemI::createSoundInternal             : exinfo->useropen           = 00007FF87A0CD9C0
[LOG] SystemI::createSoundInternal             : exinfo->userclose          = 00007FF87A0CD990
[LOG] SystemI::createSoundInternal             : exinfo->userread           = 00007FF87A0CDA90
[LOG] SystemI::createSoundInternal             : exinfo->userseek           = 00007FF87A0CDB50
[LOG] SystemI::createSoundInternal             : exinfo->fileuserdata       = 0000021BB60A0F58
[LOG] SystemI::createSoundInternal             : exinfo->initialseekpostype = 1
[LOG] SystemI::DSPCodecPoolRegister            : register codec pool for pool type 5
[LOG] SystemI::createSoundInternal             : Sample 0/1: name='Armor Hit Sweetener01', format=2, channels=1, frequency=48000, lengthbytes=6944, lengthpcm=42475, pcmblocksize=0, loopstart=0, loopend=0, mode=0x00000000, channelmask=0x00000000, channelorder=0, peakvolume=0.295135.
[LOG] SystemI::createSoundInternal             : Create name='', mode=0x02000202
[LOG] SystemI::createSoundInternal             : exinfo->cbsize             = 232
[LOG] SystemI::createSoundInternal             : exinfo->length             = 4865504
[LOG] SystemI::createSoundInternal             : exinfo->fileoffset         = 73472
[LOG] SystemI::createSoundInternal             : exinfo->numsubsounds       = 1
[LOG] SystemI::createSoundInternal             : exinfo->inclusionlist      = 0000003310BFEF8C
[LOG] SystemI::createSoundInternal             : exinfo->inclusionlistnum   = 1
[LOG] SystemI::createSoundInternal             : exinfo->suggestedsoundtype = 5
[LOG] SystemI::createSoundInternal             : exinfo->useropen           = 00007FF87A0CD9C0
[LOG] SystemI::createSoundInternal             : exinfo->userclose          = 00007FF87A0CD990
[LOG] SystemI::createSoundInternal             : exinfo->userread           = 00007FF87A0CDA90
[LOG] SystemI::createSoundInternal             : exinfo->userseek           = 00007FF87A0CDB50
[LOG] SystemI::createSoundInternal             : exinfo->fileuserdata       = 0000021BB60A0F58
[LOG] SystemI::createSoundInternal             : exinfo->initialseekpostype = 1
[LOG] SystemI::DSPCodecPoolRegister            : register codec pool for pool type 5
[LOG] SystemI::createSoundInternal             : Sample 0/1: name='Baton Hit05', format=2, channels=1, frequency=48000, lengthbytes=4896, lengthpcm=30000, pcmblocksize=0, loopstart=0, loopend=0, mode=0x00000000, channelmask=0x00000000, channelorder=0, peakvolume=0.319000.
[LOG] SystemI::createSoundInternal             : Create name='', mode=0x02000202
[LOG] SystemI::createSoundInternal             : exinfo->cbsize             = 232
[LOG] SystemI::createSoundInternal             : exinfo->length             = 4865504
[LOG] SystemI::createSoundInternal             : exinfo->fileoffset         = 73472
[LOG] SystemI::createSoundInternal             : exinfo->numsubsounds       = 1
[LOG] SystemI::createSoundInternal             : exinfo->inclusionlist      = 0000003310BFEF8C
[LOG] SystemI::createSoundInternal             : exinfo->inclusionlistnum   = 1
[LOG] SystemI::createSoundInternal             : exinfo->suggestedsoundtype = 5
[LOG] SystemI::createSoundInternal             : exinfo->useropen           = 00007FF87A0CD9C0
[LOG] SystemI::createSoundInternal             : exinfo->userclose          = 00007FF87A0CD990
[LOG] SystemI::createSoundInternal             : exinfo->userread           = 00007FF87A0CDA90
[LOG] SystemI::createSoundInternal             : exinfo->userseek           = 00007FF87A0CDB50
[LOG] SystemI::createSoundInternal             : exinfo->fileuserdata       = 0000021BB60A0F58
[LOG] SystemI::createSoundInternal             : exinfo->initialseekpostype = 1
[LOG] SystemI::DSPCodecPoolRegister            : register codec pool for pool type 5
[LOG] SystemI::createSoundInternal             : Sample 0/1: name='Baton Hit Sweetener06', format=2, channels=1, frequency=48000, lengthbytes=4480, lengthpcm=28764, pcmblocksize=0, loopstart=0, loopend=0, mode=0x00000000, channelmask=0x00000000, channelorder=0, peakvolume=0.297211.
[LOG] SystemI::createSoundInternal             : Create name='', mode=0x02000202
[LOG] SystemI::createSoundInternal             : exinfo->cbsize             = 232
[LOG] SystemI::createSoundInternal             : exinfo->length             = 4865504
[LOG] SystemI::createSoundInternal             : exinfo->fileoffset         = 73472
[LOG] SystemI::createSoundInternal             : exinfo->numsubsounds       = 1
[LOG] SystemI::createSoundInternal             : exinfo->inclusionlist      = 0000003310BFEF8C
[LOG] SystemI::createSoundInternal             : exinfo->inclusionlistnum   = 1
[LOG] SystemI::createSoundInternal             : exinfo->suggestedsoundtype = 5
[LOG] SystemI::createSoundInternal             : exinfo->useropen           = 00007FF87A0CD9C0
[LOG] SystemI::createSoundInternal             : exinfo->userclose          = 00007FF87A0CD990
[LOG] SystemI::createSoundInternal             : exinfo->userread           = 00007FF87A0CDA90
[LOG] SystemI::createSoundInternal             : exinfo->userseek           = 00007FF87A0CDB50
[LOG] SystemI::createSoundInternal             : exinfo->fileuserdata       = 0000021BB60A0F58
[LOG] SystemI::createSoundInternal             : exinfo->initialseekpostype = 1
[LOG] SystemI::DSPCodecPoolRegister            : register codec pool for pool type 5
[LOG] SystemI::createSoundInternal             : Sample 0/1: name='Baton Hit Sweetener05', format=2, channels=1, frequency=48000, lengthbytes=3936, lengthpcm=24000, pcmblocksize=0, loopstart=0, loopend=0, mode=0x00000000, channelmask=0x00000000, channelorder=0, peakvolume=0.988525.
[LOG] SystemI::createSoundInternal             : Create name='', mode=0x02000202
[LOG] SystemI::createSoundInternal             : exinfo->cbsize             = 232
[LOG] SystemI::createSoundInternal             : exinfo->length             = 4865504
[LOG] SystemI::createSoundInternal             : exinfo->fileoffset         = 73472
[LOG] SystemI::createSoundInternal             : exinfo->numsubsounds       = 1
[LOG] SystemI::createSoundInternal             : exinfo->inclusionlist      = 0000003310BFEF8C
[LOG] SystemI::createSoundInternal             : exinfo->inclusionlistnum   = 1
[LOG] SystemI::createSoundInternal             : exinfo->suggestedsoundtype = 5
[LOG] SystemI::createSoundInternal             : exinfo->useropen           = 00007FF87A0CD9C0
[LOG] SystemI::createSoundInternal             : exinfo->userclose          = 00007FF87A0CD990
[LOG] SystemI::createSoundInternal             : exinfo->userread           = 00007FF87A0CDA90
[LOG] SystemI::createSoundInternal             : exinfo->userseek           = 00007FF87A0CDB50
[LOG] SystemI::createSoundInternal             : exinfo->fileuserdata       = 0000021BB60A0F58
[LOG] SystemI::createSoundInternal             : exinfo->initialseekpostype = 1
[LOG] SystemI::DSPCodecPoolRegister            : register codec pool for pool type 5
[LOG] SystemI::createSoundInternal             : Sample 0/1: name='Baton Hit Sweetener01', format=2, channels=1, frequency=48000, lengthbytes=4512, lengthpcm=27678, pcmblocksize=0, loopstart=0, loopend=0, mode=0x00000000, channelmask=0x00000000, channelorder=0, peakvolume=0.710846.
[LOG] SystemI::createSoundInternal             : Create name='', mode=0x02000202
[LOG] SystemI::createSoundInternal             : exinfo->cbsize             = 232
[LOG] SystemI::createSoundInternal             : exinfo->length             = 4865504
[LOG] SystemI::createSoundInternal             : exinfo->fileoffset         = 73472
[LOG] SystemI::createSoundInternal             : exinfo->numsubsounds       = 1
[LOG] SystemI::createSoundInternal             : exinfo->inclusionlist      = 0000003310BFEF8C
[LOG] SystemI::createSoundInternal             : exinfo->inclusionlistnum   = 1
[LOG] SystemI::createSoundInternal             : exinfo->suggestedsoundtype = 5
[LOG] SystemI::createSoundInternal             : exinfo->useropen           = 00007FF87A0CD9C0
[LOG] SystemI::createSoundInternal             : exinfo->userclose          = 00007FF87A0CD990
[LOG] SystemI::createSoundInternal             : exinfo->userread           = 00007FF87A0CDA90
[LOG] SystemI::createSoundInternal             : exinfo->userseek           = 00007FF87A0CDB50
[LOG] SystemI::createSoundInternal             : exinfo->fileuserdata       = 0000021BB60A0F58
[LOG] SystemI::createSoundInternal             : exinfo->initialseekpostype = 1
[LOG] SystemI::DSPCodecPoolRegister            : register codec pool for pool type 5
[LOG] SystemI::createSoundInternal             : Sample 0/1: name='Armor Hit Sweetener03', format=2, channels=1, frequency=48000, lengthbytes=6752, lengthpcm=41511, pcmblocksize=0, loopstart=0, loopend=0, mode=0x00000000, channelmask=0x00000000, channelorder=0, peakvolume=0.408173.
[LOG] SystemI::createSoundInternal             : Create name='', mode=0x02000202
[LOG] SystemI::createSoundInternal             : exinfo->cbsize             = 232
[LOG] SystemI::createSoundInternal             : exinfo->length             = 4865504
[LOG] SystemI::createSoundInternal             : exinfo->fileoffset         = 73472
[LOG] SystemI::createSoundInternal             : exinfo->numsubsounds       = 1
[LOG] SystemI::createSoundInternal             : exinfo->inclusionlist      = 0000003310BFEF8C
[LOG] SystemI::createSoundInternal             : exinfo->inclusionlistnum   = 1
[LOG] SystemI::createSoundInternal             : exinfo->suggestedsoundtype = 5
[LOG] SystemI::createSoundInternal             : exinfo->useropen           = 00007FF87A0CD9C0
[LOG] SystemI::createSoundInternal             : exinfo->userclose          = 00007FF87A0CD990
[LOG] SystemI::createSoundInternal             : exinfo->userread           = 00007FF87A0CDA90
[LOG] SystemI::createSoundInternal             : exinfo->userseek           = 00007FF87A0CDB50
[LOG] SystemI::createSoundInternal             : exinfo->fileuserdata       = 0000021BB60A0F58
[LOG] SystemI::createSoundInternal             : exinfo->initialseekpostype = 1
[LOG] SystemI::DSPCodecPoolRegister            : register codec pool for pool type 5
[LOG] SystemI::createSoundInternal             : Sample 0/1: name='Baton Hit06', format=2, channels=1, frequency=48000, lengthbytes=5120, lengthpcm=32000, pcmblocksize=0, loopstart=0, loopend=0, mode=0x00000000, channelmask=0x00000000, channelorder=0, peakvolume=0.381439.
[LOG] SystemI::createSoundInternal             : Create name='', mode=0x02000202
[LOG] SystemI::createSoundInternal             : exinfo->cbsize             = 232
[LOG] SystemI::createSoundInternal             : exinfo->length             = 4865504
[LOG] SystemI::createSoundInternal             : exinfo->fileoffset         = 73472
[LOG] SystemI::createSoundInternal             : exinfo->numsubsounds       = 1
[LOG] SystemI::createSoundInternal             : exinfo->inclusionlist      = 0000003310BFEF8C
[LOG] SystemI::createSoundInternal             : exinfo->inclusionlistnum   = 1
[LOG] SystemI::createSoundInternal             : exinfo->suggestedsoundtype = 5
[LOG] SystemI::createSoundInternal             : exinfo->useropen           = 00007FF87A0CD9C0
[LOG] SystemI::createSoundInternal             : exinfo->userclose          = 00007FF87A0CD990
[LOG] SystemI::createSoundInternal             : exinfo->userread           = 00007FF87A0CDA90
[LOG] SystemI::createSoundInternal             : exinfo->userseek           = 00007FF87A0CDB50
[LOG] SystemI::createSoundInternal             : exinfo->fileuserdata       = 0000021BB60A0F58
[LOG] SystemI::createSoundInternal             : exinfo->initialseekpostype = 1
[LOG] SystemI::DSPCodecPoolRegister            : register codec pool for pool type 5
[LOG] SystemI::createSoundInternal             : Sample 0/1: name='Baton Hit01', format=2, channels=1, frequency=48000, lengthbytes=3616, lengthpcm=22000, pcmblocksize=0, loopstart=0, loopend=0, mode=0x00000000, channelmask=0x00000000, channelorder=0, peakvolume=0.151581.
[LOG] SystemI::createSoundInternal             : Create name='', mode=0x02000202
[LOG] SystemI::createSoundInternal             : exinfo->cbsize             = 232
[LOG] SystemI::createSoundInternal             : exinfo->length             = 4865504
[LOG] SystemI::createSoundInternal             : exinfo->fileoffset         = 73472
[LOG] SystemI::createSoundInternal             : exinfo->numsubsounds       = 1
[LOG] SystemI::createSoundInternal             : exinfo->inclusionlist      = 0000003310BFEF8C
[LOG] SystemI::createSoundInternal             : exinfo->inclusionlistnum   = 1
[LOG] SystemI::createSoundInternal             : exinfo->suggestedsoundtype = 5
[LOG] SystemI::createSoundInternal             : exinfo->useropen           = 00007FF87A0CD9C0
[LOG] SystemI::createSoundInternal             : exinfo->userclose          = 00007FF87A0CD990
[LOG] SystemI::createSoundInternal             : exinfo->userread           = 00007FF87A0CDA90
[LOG] SystemI::createSoundInternal             : exinfo->userseek           = 00007FF87A0CDB50
[LOG] SystemI::createSoundInternal             : exinfo->fileuserdata       = 0000021BB60A0F58
[LOG] SystemI::createSoundInternal             : exinfo->initialseekpostype = 1
[LOG] SystemI::DSPCodecPoolRegister            : register codec pool for pool type 5
[LOG] SystemI::createSoundInternal             : Sample 0/1: name='Armor Hit Sweetener05', format=2, channels=1, frequency=48000, lengthbytes=6496, lengthpcm=39974, pcmblocksize=0, loopstart=0, loopend=0, mode=0x00000000, channelmask=0x00000000, channelorder=0, peakvolume=0.444275.
[LOG] SystemI::createSoundInternal             : Create name='', mode=0x02000202
[LOG] SystemI::createSoundInternal             : exinfo->cbsize             = 232
[LOG] SystemI::createSoundInternal             : exinfo->length             = 4865504
[LOG] SystemI::createSoundInternal             : exinfo->fileoffset         = 73472
[LOG] SystemI::createSoundInternal             : exinfo->numsubsounds       = 1
[LOG] SystemI::createSoundInternal             : exinfo->inclusionlist      = 0000003310BFEF8C
[LOG] SystemI::createSoundInternal             : exinfo->inclusionlistnum   = 1
[LOG] SystemI::createSoundInternal             : exinfo->suggestedsoundtype = 5
[LOG] SystemI::createSoundInternal             : exinfo->useropen           = 00007FF87A0CD9C0
[LOG] SystemI::createSoundInternal             : exinfo->userclose          = 00007FF87A0CD990
[LOG] SystemI::createSoundInternal             : exinfo->userread           = 00007FF87A0CDA90
[LOG] SystemI::createSoundInternal             : exinfo->userseek           = 00007FF87A0CDB50
[LOG] SystemI::createSoundInternal             : exinfo->fileuserdata       = 0000021BB60A0F58
[LOG] SystemI::createSoundInternal             : exinfo->initialseekpostype = 1
[LOG] SystemI::DSPCodecPoolRegister            : register codec pool for pool type 5
[LOG] SystemI::createSoundInternal             : Sample 0/1: name='Baton Hit Sweetener03', format=2, channels=1, frequency=48000, lengthbytes=4064, lengthpcm=25000, pcmblocksize=0, loopstart=0, loopend=0, mode=0x00000000, channelmask=0x00000000, channelorder=0, peakvolume=0.305145.
[LOG] SystemI::createSoundInternal             : Create name='', mode=0x02000202
[LOG] SystemI::createSoundInternal             : exinfo->cbsize             = 232
[LOG] SystemI::createSoundInternal             : exinfo->length             = 4865504
[LOG] SystemI::createSoundInternal             : exinfo->fileoffset         = 73472
[LOG] SystemI::createSoundInternal             : exinfo->numsubsounds       = 1
[LOG] SystemI::createSoundInternal             : exinfo->inclusionlist      = 0000003310BFEF8C
[LOG] SystemI::createSoundInternal             : exinfo->inclusionlistnum   = 1
[LOG] SystemI::createSoundInternal             : exinfo->suggestedsoundtype = 5
[LOG] SystemI::createSoundInternal             : exinfo->useropen           = 00007FF87A0CD9C0
[LOG] SystemI::createSoundInternal             : exinfo->userclose          = 00007FF87A0CD990
[LOG] SystemI::createSoundInternal             : exinfo->userread           = 00007FF87A0CDA90
[LOG] SystemI::createSoundInternal             : exinfo->userseek           = 00007FF87A0CDB50
[LOG] SystemI::createSoundInternal             : exinfo->fileuserdata       = 0000021BB60A0F58
[LOG] SystemI::createSoundInternal             : exinfo->initialseekpostype = 1
[LOG] SystemI::DSPCodecPoolRegister            : register codec pool for pool type 5
[LOG] SystemI::createSoundInternal             : Sample 0/1: name='Baton Hit02', format=2, channels=1, frequency=48000, lengthbytes=2528, lengthpcm=14999, pcmblocksize=0, loopstart=0, loopend=0, mode=0x00000000, channelmask=0x00000000, channelorder=0, peakvolume=0.231842.
[LOG] SystemI::createSoundInternal             : Create name='', mode=0x02000202
[LOG] SystemI::createSoundInternal             : exinfo->cbsize             = 232
[LOG] SystemI::createSoundInternal             : exinfo->length             = 4865504
[LOG] SystemI::createSoundInternal             : exinfo->fileoffset         = 73472
[LOG] SystemI::createSoundInternal             : exinfo->numsubsounds       = 1
[LOG] SystemI::createSoundInternal             : exinfo->inclusionlist      = 0000003310BFEF8C
[LOG] SystemI::createSoundInternal             : exinfo->inclusionlistnum   = 1
[LOG] SystemI::createSoundInternal             : exinfo->suggestedsoundtype = 5
[LOG] SystemI::createSoundInternal             : exinfo->useropen           = 00007FF87A0CD9C0
[LOG] SystemI::createSoundInternal             : exinfo->userclose          = 00007FF87A0CD990
[LOG] SystemI::createSoundInternal             : exinfo->userread           = 00007FF87A0CDA90
[LOG] SystemI::createSoundInternal             : exinfo->userseek           = 00007FF87A0CDB50
[LOG] SystemI::createSoundInternal             : exinfo->fileuserdata       = 0000021BB60A0F58
[LOG] SystemI::createSoundInternal             : exinfo->initialseekpostype = 1
[LOG] SystemI::DSPCodecPoolRegister            : register codec pool for pool type 5
[LOG] SystemI::createSoundInternal             : Sample 0/1: name='Baton Hit Sweetener04', format=2, channels=1, frequency=48000, lengthbytes=2816, lengthpcm=17000, pcmblocksize=0, loopstart=0, loopend=0, mode=0x00000000, channelmask=0x00000000, channelorder=0, peakvolume=0.638275.
[LOG] SystemI::createSoundInternal             : Create name='', mode=0x02000202
[LOG] SystemI::createSoundInternal             : exinfo->cbsize             = 232
[LOG] SystemI::createSoundInternal             : exinfo->length             = 4865504
[LOG] SystemI::createSoundInternal             : exinfo->fileoffset         = 73472
[LOG] SystemI::createSoundInternal             : exinfo->numsubsounds       = 1
[LOG] SystemI::createSoundInternal             : exinfo->inclusionlist      = 0000003310BFEF8C
[LOG] SystemI::createSoundInternal             : exinfo->inclusionlistnum   = 1
[LOG] SystemI::createSoundInternal             : exinfo->suggestedsoundtype = 5
[LOG] SystemI::createSoundInternal             : exinfo->useropen           = 00007FF87A0CD9C0
[LOG] SystemI::createSoundInternal             : exinfo->userclose          = 00007FF87A0CD990
[LOG] SystemI::createSoundInternal             : exinfo->userread           = 00007FF87A0CDA90
[LOG] SystemI::createSoundInternal             : exinfo->userseek           = 00007FF87A0CDB50
[LOG] SystemI::createSoundInternal             : exinfo->fileuserdata       = 0000021BB60A0F58
[LOG] SystemI::createSoundInternal             : exinfo->initialseekpostype = 1
[LOG] SystemI::DSPCodecPoolRegister            : register codec pool for pool type 5
[LOG] SystemI::createSoundInternal             : Sample 0/1: name='Armor Hit Sweetener04', format=2, channels=1, frequency=48000, lengthbytes=7712, lengthpcm=47636, pcmblocksize=0, loopstart=0, loopend=0, mode=0x00000000, channelmask=0x00000000, channelorder=0, peakvolume=0.352600.
[LOG] SystemI::createSoundInternal             : Create name='', mode=0x02000202
[LOG] SystemI::createSoundInternal             : exinfo->cbsize             = 232
[LOG] SystemI::createSoundInternal             : exinfo->length             = 4865504
[LOG] SystemI::createSoundInternal             : exinfo->fileoffset         = 73472
[LOG] SystemI::createSoundInternal             : exinfo->numsubsounds       = 1
[LOG] SystemI::createSoundInternal             : exinfo->inclusionlist      = 0000003310BFEF8C
[LOG] SystemI::createSoundInternal             : exinfo->inclusionlistnum   = 1
[LOG] SystemI::createSoundInternal             : exinfo->suggestedsoundtype = 5
[LOG] SystemI::createSoundInternal             : exinfo->useropen           = 00007FF87A0CD9C0
[LOG] SystemI::createSoundInternal             : exinfo->userclose          = 00007FF87A0CD990
[LOG] SystemI::createSoundInternal             : exinfo->userread           = 00007FF87A0CDA90
[LOG] SystemI::createSoundInternal             : exinfo->userseek           = 00007FF87A0CDB50
[LOG] SystemI::createSoundInternal             : exinfo->fileuserdata       = 0000021BB60A0F58
[LOG] SystemI::createSoundInternal             : exinfo->initialseekpostype = 1
[LOG] SystemI::DSPCodecPoolRegister            : register codec pool for pool type 5
[LOG] SystemI::createSoundInternal             : Sample 0/1: name='Baton Hit03', format=2, channels=1, frequency=48000, lengthbytes=4960, lengthpcm=30000, pcmblocksize=0, loopstart=0, loopend=0, mode=0x00000000, channelmask=0x00000000, channelorder=0, peakvolume=0.258331.
[LOG] SoundI::release                          :  (0000021BB468D088)
[LOG] SoundI::release                          :     Baton Hit01 (0000021BBBD58E28)
[LOG] SoundI::release                          :  (0000021BB42E4C28)
[LOG] SoundI::release                          :     Baton Hit02 (0000021BD6D03628)
[LOG] SoundI::release                          :  (0000021BB42E4F08)
[LOG] SoundI::release                          :     Baton Hit03 (0000021BD6D032E8)
[LOG] SoundI::release                          :  (0000021BB4691E28)
[LOG] SoundI::release                          :     Baton Hit04 (0000021BCE92E768)
[LOG] SoundI::release                          :  (0000021BB46929A8)
[LOG] SoundI::release                          :     Baton Hit05 (0000021BCE92E288)
[LOG] SoundI::release                          :  (0000021BB4692B18)
[LOG] SoundI::release                          :     Baton Hit06 (0000021BBBD58C88)
[LOG] SoundI::release                          :  (0000021BB4690898)
[LOG] SoundI::release                          :     Baton Hit Sweetener01 (0000021BCE92E5C8)
[LOG] SoundI::release                          :  (0000021BB4692838)
[LOG] SoundI::release                          :     Baton Hit Sweetener02 (0000021BCE92EAA8)
[LOG] SoundI::release                          :  (0000021BB42E3698)
[LOG] SoundI::release                          :     Baton Hit Sweetener03 (0000021BD6D03148)
[LOG] SoundI::release                          :  (0000021BB42E3AE8)
[LOG] SoundI::release                          :     Baton Hit Sweetener04 (0000021BD6D03488)
[LOG] SoundI::release                          :  (0000021BB46905B8)
[LOG] SoundI::release                          :     Baton Hit Sweetener05 (0000021BCE92E428)
[LOG] SoundI::release                          :  (0000021BB468D7B8)
[LOG] SoundI::release                          :     Baton Hit Sweetener06 (0000021BCE92E0E8)
[LOG] SoundI::release                          :  (0000021BB468FD18)
[LOG] SoundI::release                          :     Armor Hit Sweetener01 (0000021BCE92EC48)
[LOG] SoundI::release                          :  (0000021BB468F028)
[LOG] SoundI::release                          :     Armor Hit Sweetener02 (0000021BCE92E908)
[LOG] SoundI::release                          :  (0000021BB4690A08)
[LOG] SoundI::release                          :     Armor Hit Sweetener03 (0000021BBBD58948)
[LOG] SoundI::release                          :  (0000021BB42E4D98)
[LOG] SoundI::release                          :     Armor Hit Sweetener04 (0000021BD6D037C8)
[LOG] SoundI::release                          :  (0000021BB42E4AB8)
[LOG] SoundI::release                          :     Armor Hit Sweetener05 (0000021BBBD58AE8)
[LOG] Manager::readBank                        : fileversion = 100, compatVersion = 99 (oldest = 44, newest = 100)
[LOG] PlaybackSystem::acquireMasterBus         : Setting master channel group format to 6
[LOG] SystemI::createSound                     : filename = D:\StealthKnight\Tepid Masterfile\Build\Desktop\Master Bank.bank : mode 02010082
[LOG] SystemI::createSound                     : FMOD_NONBLOCKING specified.  Putting into queue to be opened asynchronously!
[LOG] Thread::initThread                       : Init FMOD nonblocking thread (0). Priority: 1, Stack Size: 81920, Semaphore: Yes, Sleep Time: 0, Looping: Yes.
[LOG] SystemI::createSound                     : setdata soundi = 0000021BCA84AFA8 : node = 0000021BCAD1DF90
[LOG] SystemI::createSound                     : add node to async list : head = 0000021BBF2FD978.  list count = 0
[LOG] AsyncThread::threadFunc                  : Starting Asynchronous operation on sound 0000021BCA84AFA8
[LOG] SystemI::createSoundInternal             :     Create name='D:\StealthKnight\Tepid Masterfile\Build\Desktop\Master Bank.bank', mode=0x02010082
[LOG] SystemI::createSoundInternal             :     exinfo->cbsize             = 232
[LOG] SystemI::createSoundInternal             :     exinfo->length             = 4865504
[LOG] SystemI::createSoundInternal             :     exinfo->fileoffset         = 73472
[LOG] SystemI::createSoundInternal             :     exinfo->numsubsounds       = 1
[LOG] SystemI::createSoundInternal             :     exinfo->inclusionlist      = 0000021BCAD1E0A8
[LOG] SystemI::createSoundInternal             :     exinfo->inclusionlistnum   = 1
[LOG] SystemI::createSoundInternal             :     exinfo->suggestedsoundtype = 5
[LOG] SystemI::createSoundInternal             :     exinfo->initialseekposition = 10466
[LOG] SystemI::createSoundInternal             :     exinfo->initialseekpostype = 1
[LOG] SystemI::createSoundInternal             :     Stream 0/1: name='Portal_Hum', format=2, channels=2, frequency=48000, lengthbytes=175264, lengthpcm=624724, pcmblocksize=0, loopstart=0, loopend=0, mode=0x00000000, channelmask=0x00000000, channelorder=0, peakvolume=0.080310.
[LOG] Thread::initThread                       :     Init FMOD file thread. Priority: 1, Stack Size: 16384, Semaphore: No, Sleep Time: 10, Looping: Yes.
[LOG] AsyncThread::threadFunc                  : Finished Asynchronous operation on sound 0000021BCA84AFA8
[LOG] SoundI::getSubSound                      : sound 0000021BCA84AFA8.  Subsound index 0 / 1
[LOG] SystemI::createSound                     : filename = D:\StealthKnight\Tepid Masterfile\Build\Desktop\Master Bank.bank : mode 02010082
[LOG] SystemI::createSound                     : FMOD_NONBLOCKING specified.  Putting into queue to be opened asynchronously!
[LOG] SystemI::createSound                     : setdata soundi = 0000021BCA84BD28 : node = 0000021BB45FE600
[LOG] SystemI::createSound                     : add node to async list : head = 0000021BBF2FD978.  list count = 0
[LOG] AsyncThread::threadFunc                  : Starting Asynchronous operation on sound 0000021BCA84BD28
[LOG] SystemI::createSoundInternal             :     Create name='D:\StealthKnight\Tepid Masterfile\Build\Desktop\Master Bank.bank', mode=0x02010082
[LOG] SystemI::createSoundInternal             :     exinfo->cbsize             = 232
[LOG] SystemI::createSoundInternal             :     exinfo->length             = 4865504
[LOG] SystemI::createSoundInternal             :     exinfo->fileoffset         = 73472
[LOG] SystemI::createSoundInternal             :     exinfo->numsubsounds       = 1
[LOG] SystemI::createSoundInternal             :     exinfo->inclusionlist      = 0000021BB45FE718
[LOG] SystemI::createSoundInternal             :     exinfo->inclusionlistnum   = 1
[LOG] SystemI::createSoundInternal             :     exinfo->suggestedsoundtype = 5
[LOG] SystemI::createSoundInternal             :     exinfo->initialseekposition = 10466
[LOG] SystemI::createSoundInternal             :     exinfo->initialseekpostype = 1
[LOG] SystemI::createSoundInternal             :     Stream 0/1: name='Portal_Hum', format=2, channels=2, frequency=48000, lengthbytes=175264, lengthpcm=624724, pcmblocksize=0, loopstart=0, loopend=0, mode=0x00000000, channelmask=0x00000000, channelorder=0, peakvolume=0.080310.
[LOG] AsyncThread::threadFunc                  : Finished Asynchronous operation on sound 0000021BCA84BD28
[LOG] SoundI::getSubSound                      : sound 0000021BCA84BD28.  Subsound index 0 / 1
[LOG] SoundI::release                          : Portal_Hum (0000021BCA84AFA8)
[LOG] SoundI::release                          :     Portal_Hum (0000021BBADCC2B8)
[LOG] SoundI::release                          :     Portal_Hum (0000021BAF591908)
[LOG] SystemI::createSound                     : filename = D:\StealthKnight\Tepid Masterfile\Build\Desktop\Master Bank.bank : mode 02010082
[LOG] SystemI::createSound                     : FMOD_NONBLOCKING specified.  Putting into queue to be opened asynchronously!
[LOG] SystemI::createSound                     : setdata soundi = 0000021BCA84B818 : node = 0000021BCAD1DF90
[LOG] SystemI::createSound                     : add node to async list : head = 0000021BBF2FD978.  list count = 0
[LOG] AsyncThread::threadFunc                  : Starting Asynchronous operation on sound 0000021BCA84B818
[LOG] SystemI::createSoundInternal             :     Create name='D:\StealthKnight\Tepid Masterfile\Build\Desktop\Master Bank.bank', mode=0x02010082
[LOG] SystemI::createSoundInternal             :     exinfo->cbsize             = 232
[LOG] SystemI::createSoundInternal             :     exinfo->length             = 4865504
[LOG] SystemI::createSoundInternal             :     exinfo->fileoffset         = 73472
[LOG] SystemI::createSoundInternal             :     exinfo->numsubsounds       = 1
[LOG] SystemI::createSoundInternal             :     exinfo->inclusionlist      = 0000021BCAD1E0A8
[LOG] SystemI::createSoundInternal             :     exinfo->inclusionlistnum   = 1
[LOG] SystemI::createSoundInternal             :     exinfo->suggestedsoundtype = 5
[LOG] SystemI::createSoundInternal             :     exinfo->initialseekpostype = 1
[LOG] SystemI::createSoundInternal             :     Stream 0/1: name='Portal_Hum', format=2, channels=2, frequency=48000, lengthbytes=175264, lengthpcm=624724, pcmblocksize=0, loopstart=0, loopend=0, mode=0x00000000, channelmask=0x00000000, channelorder=0, peakvolume=0.080310.
[LOG] AsyncThread::threadFunc                  : Finished Asynchronous operation on sound 0000021BCA84B818
[LOG] SoundI::getSubSound                      : sound 0000021BCA84B818.  Subsound index 0 / 1
[LOG] AsyncThread::threadFunc                  : Starting Asynchronous operation on sound 0000021BAF591C68
[LOG] AsyncThread::threadFunc                  : Finished Asynchronous operation on sound 0000021BAF591C68
[LOG] SoundI::release                          : Portal_Hum (0000021BCA84BD28)
[LOG] SoundI::release                          :     Portal_Hum (0000021BBADCCAD8)
[LOG] SoundI::release                          :     Portal_Hum (0000021BAF591AB8)
